modules/afridesign/.generated/AfriTodo-native/app/build/intermediates/manifest_merge_blame_file/debug/processDebugMainManifest/manifest-merger-blame-debug-report.txt
1<?xml version="1.0" encoding="utf-8"?>
2<manifest xmlns:android="http://schemas.android.com/apk/res/android"
3    package="com.afridigital.afritodo"
4    android:versionCode="3"
5    android:versionName="1.0.6" >
6
7    <uses-sdk
8        android:minSdkVersion="23"
9        android:targetSdkVersion="35" />
10
11    <application
11-->src/main/AndroidManifest.xml:2:5-16:19
12        android:allowBackup="true"
12-->src/main/AndroidManifest.xml:7:9-35
13        android:debuggable="true"
14        android:extractNativeLibs="false"
15        android:icon="@drawable/afritodo_launcher"
15-->src/main/AndroidManifest.xml:5:9-51
16        android:label="AfriTodo"
16-->src/main/AndroidManifest.xml:4:9-33
17        android:roundIcon="@drawable/afritodo_launcher"
17-->src/main/AndroidManifest.xml:6:9-56
18        android:theme="@style/AppTheme" >
18-->src/main/AndroidManifest.xml:3:9-40
19        <activity
19-->src/main/AndroidManifest.xml:8:9-15:20
20            android:name="com.afridigital.afritodo.MainActivity"
20-->src/main/AndroidManifest.xml:9:13-41
21            android:exported="true" >
21-->src/main/AndroidManifest.xml:10:13-36
22            <intent-filter>
22-->src/main/AndroidManifest.xml:11:13-14:29
23                <action android:name="android.intent.action.MAIN" />
23-->src/main/AndroidManifest.xml:12:17-69
23-->src/main/AndroidManifest.xml:12:25-66
24
25                <category android:name="android.intent.category.LAUNCHER" />
25-->src/main/AndroidManifest.xml:13:17-77
25-->src/main/AndroidManifest.xml:13:27-74
26            </intent-filter>
27        </activity>
28    </application>
29
30</manifest>